<?xml version="1.0" encoding="UTF-8"?>
<!-- Generated by org.testng.reporters.JUnitReportReporter -->
<testsuite skipped="0" hostname="LAPTOP-BJP8AOP1" name="com.elf.generics.Screenshot" tests="1" failures="0" timestamp="2020-07-17T14:40:56 IST" time="15.929" errors="0">
  <testcase name="testScreenShot" time="15.929" classname="com.elf.generics.Screenshot"/>
  <system-out/>
</testsuite> <!-- com.elf.generics.Screenshot -->
